  [4;36;1mSQL (0.7ms)[0m   [0;1m SELECT name
 FROM sqlite_master
 WHERE type = 'table' AND NOT name = 'sqlite_sequence'
[0m
  [4;35;1mSQL (0.2ms)[0m   [0mselect sqlite_version(*)[0m
  [4;36;1mSQL (1.7ms)[0m   [0;1mCREATE TABLE "schema_migrations" ("version" varchar(255) NOT NULL) [0m
  [4;35;1mSQL (1.4ms)[0m   [0mCREATE UNIQUE INDEX "unique_schema_migrations" ON "schema_migrations" ("version")[0m
  [4;36;1mSQL (0.2ms)[0m   [0;1m SELECT name
 FROM sqlite_master
 WHERE type = 'table' AND NOT name = 'sqlite_sequence'
[0m
  [4;35;1mSQL (0.1ms)[0m   [0mSELECT version FROM schema_migrations[0m
  [4;36;1mSQL (0.8ms)[0m   [0;1m SELECT name
 FROM sqlite_master
 WHERE type = 'table' AND NOT name = 'sqlite_sequence'
[0m
  [4;35;1mSQL (0.1ms)[0m   [0mSELECT version FROM schema_migrations[0m
Migrating to CreatePages (20090503130941)
  [4;36;1mSQL (0.1ms)[0m   [0;1mselect sqlite_version(*)[0m
  [4;35;1mSQL (0.9ms)[0m   [0mCREATE TABLE "pages" ("id" INTEGER PRIMARY KEY AUTOINCREMENT NOT NULL, "uri" varchar(1024) NOT NULL, "title" varchar(1024), "created_at" datetime, "updated_at" datetime) [0m
  [4;36;1mSQL (0.2ms)[0m   [0;1mINSERT INTO schema_migrations (version) VALUES ('20090503130941')[0m
Migrating to CreateUsers (20090503131329)
  [4;35;1mSQL (0.4ms)[0m   [0m SELECT name
 FROM sqlite_master
 WHERE type = 'table' AND NOT name = 'sqlite_sequence'
[0m
  [4;36;1mSQL (0.5ms)[0m   [0;1mCREATE TABLE "users" ("id" INTEGER PRIMARY KEY AUTOINCREMENT NOT NULL, "login" varchar(255), "email" varchar(255), "crypted_password" varchar(40), "salt" varchar(40), "created_at" datetime, "updated_at" datetime, "remember_token" varchar(255), "remember_token_expires_at" datetime) [0m
  [4;35;1mSQL (0.2ms)[0m   [0mINSERT INTO schema_migrations (version) VALUES ('20090503131329')[0m
Migrating to CreateBookmarks (20090503131413)
  [4;36;1mSQL (0.7ms)[0m   [0;1mCREATE TABLE "bookmarks" ("id" INTEGER PRIMARY KEY AUTOINCREMENT NOT NULL, "user_id" integer NOT NULL, "page_id" integer NOT NULL, "comment" varchar(1024), "created_at" datetime, "updated_at" datetime) [0m
  [4;35;1mSQL (0.1ms)[0m   [0mINSERT INTO schema_migrations (version) VALUES ('20090503131413')[0m
  [4;36;1mSQL (0.4ms)[0m   [0;1m SELECT name
 FROM sqlite_master
 WHERE type = 'table' AND NOT name = 'sqlite_sequence'
[0m
  [4;35;1mSQL (0.2ms)[0m   [0mSELECT version FROM schema_migrations[0m
  [4;36;1mSQL (0.3ms)[0m   [0;1m SELECT name
 FROM sqlite_master
 WHERE type = 'table' AND NOT name = 'sqlite_sequence'
[0m
  [4;35;1mSQL (0.1ms)[0m   [0mPRAGMA index_list("bookmarks")[0m
  [4;36;1mSQL (0.0ms)[0m   [0;1mPRAGMA index_list("pages")[0m
  [4;35;1mSQL (0.0ms)[0m   [0mPRAGMA index_list("users")[0m


Processing BookmarkController#index (for 127.0.0.1 at 2009-05-05 14:43:47) [GET]
Redirected to http://localhost:3000/account/login
Filter chain halted as [:login_required] rendered_or_redirected.
Completed in 80ms (DB: 0) | 302 Found [http://localhost/bookmark/]


Processing AccountController#login (for 127.0.0.1 at 2009-05-05 14:43:47) [GET]
Rendering account/login
Completed in 37ms (View: 26, DB: 0) | 200 OK [http://localhost/account/login]


Processing AccountController#signup (for 127.0.0.1 at 2009-05-05 14:49:54) [GET]
Rendering account/signup
Completed in 231ms (View: 19, DB: 0) | 200 OK [http://localhost/account/signup/]


Processing AccountController#signup (for 127.0.0.1 at 2009-05-05 14:50:06) [POST]
  Parameters: {"commit"=>"Sign up", "authenticity_token"=>"jy49H5CaZdmUOKCkZKhmaMRDZD+09coqLqU+DmkLL8M=", "user"=>{"password_confirmation"=>"master", "password"=>"master", "login"=>"takano32", "email"=>"takano32@gmail.com"}}
  [4;36;1mUser Exists (0.3ms)[0m   [0;1mSELECT "users".id FROM "users" WHERE (LOWER("users"."login") = 'takano32') LIMIT 1[0m
  [4;35;1mUser Exists (2.3ms)[0m   [0mSELECT "users".id FROM "users" WHERE (LOWER("users"."email") = 'takano32@gmail.com') LIMIT 1[0m
  [4;36;1mUser Create (0.9ms)[0m   [0;1mINSERT INTO "users" ("salt", "created_at", "crypted_password", "remember_token_expires_at", "updated_at", "remember_token", "login", "email") VALUES('6686d3c23ea75d9a01cb1b999ba71af64ee53597', '2009-05-05 05:50:07', 'f6de5b1da25ea009ecf394925caa8b3c62c6876c', NULL, '2009-05-05 05:50:07', NULL, 'takano32', 'takano32@gmail.com')[0m
Redirected to http://localhost:3000/bookmark/
Completed in 265ms (DB: 4) | 302 Found [http://localhost/account/signup]


Processing BookmarkController#index (for 127.0.0.1 at 2009-05-05 14:50:07) [GET]
  [4;35;1mUser Load (1.0ms)[0m   [0mSELECT * FROM "users" WHERE ("users"."id" = 1) LIMIT 1[0m

ActionController::UnknownAction (No action responded to index. Actions: add):
  

Rendering rescues/layout (not_found)


Processing BookmarkController#index (for 127.0.0.1 at 2009-05-05 14:50:42) [GET]
  [4;36;1mUser Load (0.3ms)[0m   [0;1mSELECT * FROM "users" WHERE ("users"."id" = 1) LIMIT 1[0m

ActionController::UnknownAction (No action responded to index. Actions: add):
  

Rendering rescues/layout (not_found)


Processing BookmarkController#add (for 127.0.0.1 at 2009-05-05 14:51:53) [GET]
  [4;36;1mUser Load (7.9ms)[0m   [0;1mSELECT * FROM "users" WHERE ("users"."id" = 1) LIMIT 1[0m
  [4;35;1mPage Load (0.2ms)[0m   [0mSELECT * FROM "pages" WHERE ("pages"."uri" IS NULL) LIMIT 1[0m

SyntaxError (/Users/takano32/workspace/rails_de_sbm/app/models/bookmark.rb:3: syntax error, unexpected tIDENTIFIER, expecting kEND
...:page  validates_uniqueness_of :page_id, :scope => :user_id
                              ^
/Users/takano32/workspace/rails_de_sbm/app/models/bookmark.rb:3: syntax error, unexpected tASSOC, expecting tCOLON2 or '[' or '.'
...queness_of :page_id, :scope => :user_id
                              ^):
  app/controllers/bookmark_controller.rb:9:in `add'

Rendered rescues/_trace (82.2ms)
Rendered rescues/_request_and_response (1.4ms)
Rendering rescues/layout (internal_server_error)


Processing BookmarkController#add (for 127.0.0.1 at 2009-05-05 14:56:35) [GET]
  [4;36;1mUser Load (0.6ms)[0m   [0;1mSELECT * FROM "users" WHERE ("users"."id" = 1) LIMIT 1[0m
  [4;35;1mPage Load (0.2ms)[0m   [0mSELECT * FROM "pages" WHERE ("pages"."uri" IS NULL) LIMIT 1[0m
Rendering bookmark/add

ActionView::TemplateError (undefined local variable or method `end_form_tag' for #<ActionView::Base:0x503d68>) on line #18 of app/views/bookmark/add.rhtml:
15:   <dd><%= text_field_tag "comment", @bookmark.comment, :size => 40 %></dd>
16: </dl>
17: <p><%= submit_tag %></p>
18: <%= end_form_tag %>

    app/views/bookmark/add.rhtml:18:in `_run_rhtml_app47views47bookmark47add46rhtml'
    app/controllers/bookmark_controller.rb:16:in `add'

Rendered rescues/_trace (72.3ms)
Rendered rescues/_request_and_response (1.6ms)
Rendering rescues/layout (internal_server_error)


Processing BookmarkController#index (for 127.0.0.1 at 2009-05-05 15:12:10) [GET]
  [4;36;1mUser Load (0.8ms)[0m   [0;1mSELECT * FROM "users" WHERE ("users"."id" = 1) LIMIT 1[0m

ActionController::UnknownAction (No action responded to index. Actions: add):
  

Rendering rescues/layout (not_found)


Processing BookmarkController#add (for 127.0.0.1 at 2009-05-05 15:12:16) [GET]
  [4;35;1mUser Load (0.5ms)[0m   [0mSELECT * FROM "users" WHERE ("users"."id" = 1) LIMIT 1[0m
  [4;36;1mPage Load (0.3ms)[0m   [0;1mSELECT * FROM "pages" WHERE ("pages"."uri" IS NULL) LIMIT 1[0m
Rendering bookmark/add
ERROR: compiling _run_rhtml_app47views47bookmark47add46rhtml RAISED compile error
/Users/takano32/workspace/rails_de_sbm/app/views/bookmark/add.rhtml:18: syntax error, unexpected kEND
; @output_buffer.concat(( end ).to_s); @output_buffer.concat "\n\n"
                             ^
Function body:           def _run_rhtml_app47views47bookmark47add46rhtml(local_assigns)
            old_output_buffer = output_buffer;;@output_buffer = '';  __in_erb_template=true ; @output_buffer.concat "<h1>\343\203\226\343\203\203\343\202\257\343\203\236\343\203\274\343\202\257\343\201\256\350\277\275\345\212\240</h1>\n\n"

;  if request.post? 
@output_buffer.concat(( error_messages_for "page" ).to_s); @output_buffer.concat "\n"
; @output_buffer.concat(( error_messages_for "bookmark" ).to_s); @output_buffer.concat "\n"
;  end 
@output_buffer.concat "\n"
; @output_buffer.concat(( form_tag ).to_s); @output_buffer.concat "\n<dl>\n  <dt>URI</dt>\n  <dd>"


; @output_buffer.concat(( text_field_tag "uri", @page.uri, :size => 40 ).to_s); @output_buffer.concat "</dd>\n  <dt>\343\202\277\343\202\244\343\203\210\343\203\253</dt>\n  <dd>"

; @output_buffer.concat(( text_field_tag "title", @page.title, :size => 40 ).to_s); @output_buffer.concat "</dd>\n  <dt>\343\202\263\343\203\241\343\203\263\343\203\210</dt>\n  <dd>"

; @output_buffer.concat(( text_field_tag "comment", @bookmark.comment, :size => 40 ).to_s); @output_buffer.concat "</dd>\n</dl>\n<p>"

; @output_buffer.concat(( submit_tag ).to_s); @output_buffer.concat "</p>\n"
; @output_buffer.concat(( end ).to_s); @output_buffer.concat "\n\n"

; @output_buffer
          ensure
            self.output_buffer = old_output_buffer
          end
Backtrace: /Users/takano32/workspace/rails_de_sbm/app/views/bookmark/add.rhtml:23:in `compile!'
/opt/local/lib/ruby/gems/1.8/gems/actionpack-2.3.2/lib/action_view/renderable.rb:61:in `compile'
/opt/local/lib/ruby/gems/1.8/gems/actionpack-2.3.2/lib/action_view/renderable.rb:28:in `render'
/opt/local/lib/ruby/gems/1.8/gems/actionpack-2.3.2/lib/action_view/template.rb:194:in `render_template'
/opt/local/lib/ruby/gems/1.8/gems/actionpack-2.3.2/lib/action_view/base.rb:260:in `render'
/opt/local/lib/ruby/gems/1.8/gems/actionpack-2.3.2/lib/action_controller/base.rb:1241:in `render_for_file'
/opt/local/lib/ruby/gems/1.8/gems/actionpack-2.3.2/lib/action_controller/base.rb:943:in `render_without_benchmark'
/opt/local/lib/ruby/gems/1.8/gems/actionpack-2.3.2/lib/action_controller/benchmarking.rb:51:in `render'
/opt/local/lib/ruby/gems/1.8/gems/activesupport-2.3.2/lib/active_support/core_ext/benchmark.rb:17:in `ms'
/opt/local/lib/ruby/1.8/benchmark.rb:308:in `realtime'
/opt/local/lib/ruby/gems/1.8/gems/activesupport-2.3.2/lib/active_support/core_ext/benchmark.rb:17:in `ms'
/opt/local/lib/ruby/gems/1.8/gems/actionpack-2.3.2/lib/action_controller/benchmarking.rb:51:in `render'
/Users/takano32/workspace/rails_de_sbm/app/controllers/bookmark_controller.rb:16:in `add'
/opt/local/lib/ruby/gems/1.8/gems/actionpack-2.3.2/lib/action_controller/base.rb:1322:in `send'
/opt/local/lib/ruby/gems/1.8/gems/actionpack-2.3.2/lib/action_controller/base.rb:1322:in `perform_action_without_filters'
/opt/local/lib/ruby/gems/1.8/gems/actionpack-2.3.2/lib/action_controller/filters.rb:617:in `call_filters'
/opt/local/lib/ruby/gems/1.8/gems/actionpack-2.3.2/lib/action_controller/filters.rb:610:in `perform_action_without_benchmark'
/opt/local/lib/ruby/gems/1.8/gems/actionpack-2.3.2/lib/action_controller/benchmarking.rb:68:in `perform_action_without_rescue'
/opt/local/lib/ruby/gems/1.8/gems/activesupport-2.3.2/lib/active_support/core_ext/benchmark.rb:17:in `ms'
/opt/local/lib/ruby/1.8/benchmark.rb:308:in `realtime'
/opt/local/lib/ruby/gems/1.8/gems/activesupport-2.3.2/lib/active_support/core_ext/benchmark.rb:17:in `ms'
/opt/local/lib/ruby/gems/1.8/gems/actionpack-2.3.2/lib/action_controller/benchmarking.rb:68:in `perform_action_without_rescue'
/opt/local/lib/ruby/gems/1.8/gems/actionpack-2.3.2/lib/action_controller/rescue.rb:160:in `perform_action_without_flash'
/opt/local/lib/ruby/gems/1.8/gems/actionpack-2.3.2/lib/action_controller/flash.rb:141:in `perform_action'
/opt/local/lib/ruby/gems/1.8/gems/actionpack-2.3.2/lib/action_controller/base.rb:523:in `send'
/opt/local/lib/ruby/gems/1.8/gems/actionpack-2.3.2/lib/action_controller/base.rb:523:in `process_without_filters'
/opt/local/lib/ruby/gems/1.8/gems/actionpack-2.3.2/lib/action_controller/filters.rb:606:in `process'
/opt/local/lib/ruby/gems/1.8/gems/actionpack-2.3.2/lib/action_controller/base.rb:391:in `process'
/opt/local/lib/ruby/gems/1.8/gems/actionpack-2.3.2/lib/action_controller/base.rb:386:in `call'
/opt/local/lib/ruby/gems/1.8/gems/actionpack-2.3.2/lib/action_controller/routing/route_set.rb:433:in `call'
/opt/local/lib/ruby/gems/1.8/gems/actionpack-2.3.2/lib/action_controller/dispatcher.rb:88:in `dispatch'
/opt/local/lib/ruby/gems/1.8/gems/actionpack-2.3.2/lib/action_controller/dispatcher.rb:111:in `_call'
/opt/local/lib/ruby/gems/1.8/gems/actionpack-2.3.2/lib/action_controller/dispatcher.rb:82:in `initialize'
/opt/local/lib/ruby/gems/1.8/gems/activerecord-2.3.2/lib/active_record/query_cache.rb:29:in `call'
/opt/local/lib/ruby/gems/1.8/gems/activerecord-2.3.2/lib/active_record/query_cache.rb:29:in `call'
/opt/local/lib/ruby/gems/1.8/gems/activerecord-2.3.2/lib/active_record/connection_adapters/abstract/query_cache.rb:34:in `cache'
/opt/local/lib/ruby/gems/1.8/gems/activerecord-2.3.2/lib/active_record/query_cache.rb:9:in `cache'
/opt/local/lib/ruby/gems/1.8/gems/activerecord-2.3.2/lib/active_record/query_cache.rb:28:in `call'
/opt/local/lib/ruby/gems/1.8/gems/activerecord-2.3.2/lib/active_record/connection_adapters/abstract/connection_pool.rb:361:in `call'
/opt/local/lib/ruby/gems/1.8/gems/rack-1.0.0/lib/rack/head.rb:9:in `call'
/opt/local/lib/ruby/gems/1.8/gems/rack-1.0.0/lib/rack/methodoverride.rb:24:in `call'
/opt/local/lib/ruby/gems/1.8/gems/actionpack-2.3.2/lib/action_controller/params_parser.rb:15:in `call'
/opt/local/lib/ruby/gems/1.8/gems/actionpack-2.3.2/lib/action_controller/rewindable_input.rb:25:in `call'
/opt/local/lib/ruby/gems/1.8/gems/actionpack-2.3.2/lib/action_controller/session/cookie_store.rb:93:in `call'
/opt/local/lib/ruby/gems/1.8/gems/actionpack-2.3.2/lib/action_controller/reloader.rb:9:in `call'
/opt/local/lib/ruby/gems/1.8/gems/actionpack-2.3.2/lib/action_controller/failsafe.rb:11:in `call'
/opt/local/lib/ruby/gems/1.8/gems/rack-1.0.0/lib/rack/lock.rb:11:in `call'
/opt/local/lib/ruby/gems/1.8/gems/rack-1.0.0/lib/rack/lock.rb:11:in `synchronize'
/opt/local/lib/ruby/gems/1.8/gems/rack-1.0.0/lib/rack/lock.rb:11:in `call'
/opt/local/lib/ruby/gems/1.8/gems/actionpack-2.3.2/lib/action_controller/dispatcher.rb:106:in `call'
/opt/local/lib/ruby/gems/1.8/gems/rails-2.3.2/lib/rails/rack/static.rb:31:in `call'
/opt/local/lib/ruby/gems/1.8/gems/rack-1.0.0/lib/rack/urlmap.rb:46:in `call'
/opt/local/lib/ruby/gems/1.8/gems/rack-1.0.0/lib/rack/urlmap.rb:40:in `each'
/opt/local/lib/ruby/gems/1.8/gems/rack-1.0.0/lib/rack/urlmap.rb:40:in `call'
/opt/local/lib/ruby/gems/1.8/gems/rails-2.3.2/lib/rails/rack/log_tailer.rb:17:in `call'
/opt/local/lib/ruby/gems/1.8/gems/rack-1.0.0/lib/rack/content_length.rb:13:in `call'
/opt/local/lib/ruby/gems/1.8/gems/rack-1.0.0/lib/rack/chunked.rb:15:in `call'
/opt/local/lib/ruby/gems/1.8/gems/rack-1.0.0/lib/rack/handler/mongrel.rb:61:in `process'
/opt/local/lib/ruby/gems/1.8/gems/mongrel-1.1.5/lib/mongrel.rb:159:in `process_client'
/opt/local/lib/ruby/gems/1.8/gems/mongrel-1.1.5/lib/mongrel.rb:158:in `each'
/opt/local/lib/ruby/gems/1.8/gems/mongrel-1.1.5/lib/mongrel.rb:158:in `process_client'
/opt/local/lib/ruby/gems/1.8/gems/mongrel-1.1.5/lib/mongrel.rb:285:in `run'
/opt/local/lib/ruby/gems/1.8/gems/mongrel-1.1.5/lib/mongrel.rb:285:in `initialize'
/opt/local/lib/ruby/gems/1.8/gems/mongrel-1.1.5/lib/mongrel.rb:285:in `new'
/opt/local/lib/ruby/gems/1.8/gems/mongrel-1.1.5/lib/mongrel.rb:285:in `run'
/opt/local/lib/ruby/gems/1.8/gems/mongrel-1.1.5/lib/mongrel.rb:268:in `initialize'
/opt/local/lib/ruby/gems/1.8/gems/mongrel-1.1.5/lib/mongrel.rb:268:in `new'
/opt/local/lib/ruby/gems/1.8/gems/mongrel-1.1.5/lib/mongrel.rb:268:in `run'
/opt/local/lib/ruby/gems/1.8/gems/rack-1.0.0/lib/rack/handler/mongrel.rb:34:in `run'
/opt/local/lib/ruby/gems/1.8/gems/rails-2.3.2/lib/commands/server.rb:111
/opt/local/lib/ruby/site_ruby/1.8/rubygems/custom_require.rb:31:in `gem_original_require'
/opt/local/lib/ruby/site_ruby/1.8/rubygems/custom_require.rb:31:in `require'
script/server:3

ActionView::TemplateError (compile error
/Users/takano32/workspace/rails_de_sbm/app/views/bookmark/add.rhtml:18: syntax error, unexpected kEND
; @output_buffer.concat(( end ).to_s); @output_buffer.concat "\n\n"
                             ^) on line #18 of app/views/bookmark/add.rhtml:
15:   <dd><%= text_field_tag "comment", @bookmark.comment, :size => 40 %></dd>
16: </dl>
17: <p><%= submit_tag %></p>
18: <%= end %>

    app/views/bookmark/add.rhtml:23:in `compile!'
    app/controllers/bookmark_controller.rb:16:in `add'

Rendered rescues/_trace (75.5ms)
Rendered rescues/_request_and_response (5.6ms)
Rendering rescues/layout (internal_server_error)


Processing BookmarkController#add (for 127.0.0.1 at 2009-05-05 15:15:29) [GET]
  [4;36;1mUser Load (0.5ms)[0m   [0;1mSELECT * FROM "users" WHERE ("users"."id" = 1) LIMIT 1[0m
  [4;35;1mPage Load (0.2ms)[0m   [0mSELECT * FROM "pages" WHERE ("pages"."uri" IS NULL) LIMIT 1[0m
Rendering bookmark/add
ERROR: compiling _run_rhtml_app47views47bookmark47add46rhtml RAISED compile error
/Users/takano32/workspace/rails_de_sbm/app/views/bookmark/add.rhtml:21: syntax error, unexpected kENSURE, expecting $end
Function body:           def _run_rhtml_app47views47bookmark47add46rhtml(local_assigns)
            old_output_buffer = output_buffer;;@output_buffer = '';  __in_erb_template=true ; @output_buffer.concat "<h1>\343\203\226\343\203\203\343\202\257\343\203\236\343\203\274\343\202\257\343\201\256\350\277\275\345\212\240</h1>\n\n"

;  if request.post? 
@output_buffer.concat(( error_messages_for "page" ).to_s); @output_buffer.concat "\n"
; @output_buffer.concat(( error_messages_for "bookmark" ).to_s); @output_buffer.concat "\n"
;  end 
@output_buffer.concat "\n"
;  form_tag ; @output_buffer.concat "\n<dl>\n  <dt>URI</dt>\n  <dd>"


; @output_buffer.concat(( text_field_tag "uri", @page.uri, :size => 40 ).to_s); @output_buffer.concat "</dd>\n  <dt>\343\202\277\343\202\244\343\203\210\343\203\253</dt>\n  <dd>"

; @output_buffer.concat(( text_field_tag "title", @page.title, :size => 40 ).to_s); @output_buffer.concat "</dd>\n  <dt>\343\202\263\343\203\241\343\203\263\343\203\210</dt>\n  <dd>"

; @output_buffer.concat(( text_field_tag "comment", @bookmark.comment, :size => 40 ).to_s); @output_buffer.concat "</dd>\n</dl>\n<p>"

; @output_buffer.concat(( submit_tag ).to_s); @output_buffer.concat "</p>\n"
;  end ; @output_buffer.concat "\n\n"

; @output_buffer
          ensure
            self.output_buffer = old_output_buffer
          end
Backtrace: /Users/takano32/workspace/rails_de_sbm/app/views/bookmark/add.rhtml:21:in `compile!'
/opt/local/lib/ruby/gems/1.8/gems/actionpack-2.3.2/lib/action_view/renderable.rb:61:in `compile'
/opt/local/lib/ruby/gems/1.8/gems/actionpack-2.3.2/lib/action_view/renderable.rb:28:in `render'
/opt/local/lib/ruby/gems/1.8/gems/actionpack-2.3.2/lib/action_view/template.rb:194:in `render_template'
/opt/local/lib/ruby/gems/1.8/gems/actionpack-2.3.2/lib/action_view/base.rb:260:in `render'
/opt/local/lib/ruby/gems/1.8/gems/actionpack-2.3.2/lib/action_controller/base.rb:1241:in `render_for_file'
/opt/local/lib/ruby/gems/1.8/gems/actionpack-2.3.2/lib/action_controller/base.rb:943:in `render_without_benchmark'
/opt/local/lib/ruby/gems/1.8/gems/actionpack-2.3.2/lib/action_controller/benchmarking.rb:51:in `render'
/opt/local/lib/ruby/gems/1.8/gems/activesupport-2.3.2/lib/active_support/core_ext/benchmark.rb:17:in `ms'
/opt/local/lib/ruby/1.8/benchmark.rb:308:in `realtime'
/opt/local/lib/ruby/gems/1.8/gems/activesupport-2.3.2/lib/active_support/core_ext/benchmark.rb:17:in `ms'
/opt/local/lib/ruby/gems/1.8/gems/actionpack-2.3.2/lib/action_controller/benchmarking.rb:51:in `render'
/Users/takano32/workspace/rails_de_sbm/app/controllers/bookmark_controller.rb:16:in `add'
/opt/local/lib/ruby/gems/1.8/gems/actionpack-2.3.2/lib/action_controller/base.rb:1322:in `send'
/opt/local/lib/ruby/gems/1.8/gems/actionpack-2.3.2/lib/action_controller/base.rb:1322:in `perform_action_without_filters'
/opt/local/lib/ruby/gems/1.8/gems/actionpack-2.3.2/lib/action_controller/filters.rb:617:in `call_filters'
/opt/local/lib/ruby/gems/1.8/gems/actionpack-2.3.2/lib/action_controller/filters.rb:610:in `perform_action_without_benchmark'
/opt/local/lib/ruby/gems/1.8/gems/actionpack-2.3.2/lib/action_controller/benchmarking.rb:68:in `perform_action_without_rescue'
/opt/local/lib/ruby/gems/1.8/gems/activesupport-2.3.2/lib/active_support/core_ext/benchmark.rb:17:in `ms'
/opt/local/lib/ruby/1.8/benchmark.rb:308:in `realtime'
/opt/local/lib/ruby/gems/1.8/gems/activesupport-2.3.2/lib/active_support/core_ext/benchmark.rb:17:in `ms'
/opt/local/lib/ruby/gems/1.8/gems/actionpack-2.3.2/lib/action_controller/benchmarking.rb:68:in `perform_action_without_rescue'
/opt/local/lib/ruby/gems/1.8/gems/actionpack-2.3.2/lib/action_controller/rescue.rb:160:in `perform_action_without_flash'
/opt/local/lib/ruby/gems/1.8/gems/actionpack-2.3.2/lib/action_controller/flash.rb:141:in `perform_action'
/opt/local/lib/ruby/gems/1.8/gems/actionpack-2.3.2/lib/action_controller/base.rb:523:in `send'
/opt/local/lib/ruby/gems/1.8/gems/actionpack-2.3.2/lib/action_controller/base.rb:523:in `process_without_filters'
/opt/local/lib/ruby/gems/1.8/gems/actionpack-2.3.2/lib/action_controller/filters.rb:606:in `process'
/opt/local/lib/ruby/gems/1.8/gems/actionpack-2.3.2/lib/action_controller/base.rb:391:in `process'
/opt/local/lib/ruby/gems/1.8/gems/actionpack-2.3.2/lib/action_controller/base.rb:386:in `call'
/opt/local/lib/ruby/gems/1.8/gems/actionpack-2.3.2/lib/action_controller/routing/route_set.rb:433:in `call'
/opt/local/lib/ruby/gems/1.8/gems/actionpack-2.3.2/lib/action_controller/dispatcher.rb:88:in `dispatch'
/opt/local/lib/ruby/gems/1.8/gems/actionpack-2.3.2/lib/action_controller/dispatcher.rb:111:in `_call'
/opt/local/lib/ruby/gems/1.8/gems/actionpack-2.3.2/lib/action_controller/dispatcher.rb:82:in `initialize'
/opt/local/lib/ruby/gems/1.8/gems/activerecord-2.3.2/lib/active_record/query_cache.rb:29:in `call'
/opt/local/lib/ruby/gems/1.8/gems/activerecord-2.3.2/lib/active_record/query_cache.rb:29:in `call'
/opt/local/lib/ruby/gems/1.8/gems/activerecord-2.3.2/lib/active_record/connection_adapters/abstract/query_cache.rb:34:in `cache'
/opt/local/lib/ruby/gems/1.8/gems/activerecord-2.3.2/lib/active_record/query_cache.rb:9:in `cache'
/opt/local/lib/ruby/gems/1.8/gems/activerecord-2.3.2/lib/active_record/query_cache.rb:28:in `call'
/opt/local/lib/ruby/gems/1.8/gems/activerecord-2.3.2/lib/active_record/connection_adapters/abstract/connection_pool.rb:361:in `call'
/opt/local/lib/ruby/gems/1.8/gems/rack-1.0.0/lib/rack/head.rb:9:in `call'
/opt/local/lib/ruby/gems/1.8/gems/rack-1.0.0/lib/rack/methodoverride.rb:24:in `call'
/opt/local/lib/ruby/gems/1.8/gems/actionpack-2.3.2/lib/action_controller/params_parser.rb:15:in `call'
/opt/local/lib/ruby/gems/1.8/gems/actionpack-2.3.2/lib/action_controller/rewindable_input.rb:25:in `call'
/opt/local/lib/ruby/gems/1.8/gems/actionpack-2.3.2/lib/action_controller/session/cookie_store.rb:93:in `call'
/opt/local/lib/ruby/gems/1.8/gems/actionpack-2.3.2/lib/action_controller/reloader.rb:9:in `call'
/opt/local/lib/ruby/gems/1.8/gems/actionpack-2.3.2/lib/action_controller/failsafe.rb:11:in `call'
/opt/local/lib/ruby/gems/1.8/gems/rack-1.0.0/lib/rack/lock.rb:11:in `call'
/opt/local/lib/ruby/gems/1.8/gems/rack-1.0.0/lib/rack/lock.rb:11:in `synchronize'
/opt/local/lib/ruby/gems/1.8/gems/rack-1.0.0/lib/rack/lock.rb:11:in `call'
/opt/local/lib/ruby/gems/1.8/gems/actionpack-2.3.2/lib/action_controller/dispatcher.rb:106:in `call'
/opt/local/lib/ruby/gems/1.8/gems/rails-2.3.2/lib/rails/rack/static.rb:31:in `call'
/opt/local/lib/ruby/gems/1.8/gems/rack-1.0.0/lib/rack/urlmap.rb:46:in `call'
/opt/local/lib/ruby/gems/1.8/gems/rack-1.0.0/lib/rack/urlmap.rb:40:in `each'
/opt/local/lib/ruby/gems/1.8/gems/rack-1.0.0/lib/rack/urlmap.rb:40:in `call'
/opt/local/lib/ruby/gems/1.8/gems/rails-2.3.2/lib/rails/rack/log_tailer.rb:17:in `call'
/opt/local/lib/ruby/gems/1.8/gems/rack-1.0.0/lib/rack/content_length.rb:13:in `call'
/opt/local/lib/ruby/gems/1.8/gems/rack-1.0.0/lib/rack/chunked.rb:15:in `call'
/opt/local/lib/ruby/gems/1.8/gems/rack-1.0.0/lib/rack/handler/mongrel.rb:61:in `process'
/opt/local/lib/ruby/gems/1.8/gems/mongrel-1.1.5/lib/mongrel.rb:159:in `process_client'
/opt/local/lib/ruby/gems/1.8/gems/mongrel-1.1.5/lib/mongrel.rb:158:in `each'
/opt/local/lib/ruby/gems/1.8/gems/mongrel-1.1.5/lib/mongrel.rb:158:in `process_client'
/opt/local/lib/ruby/gems/1.8/gems/mongrel-1.1.5/lib/mongrel.rb:285:in `run'
/opt/local/lib/ruby/gems/1.8/gems/mongrel-1.1.5/lib/mongrel.rb:285:in `initialize'
/opt/local/lib/ruby/gems/1.8/gems/mongrel-1.1.5/lib/mongrel.rb:285:in `new'
/opt/local/lib/ruby/gems/1.8/gems/mongrel-1.1.5/lib/mongrel.rb:285:in `run'
/opt/local/lib/ruby/gems/1.8/gems/mongrel-1.1.5/lib/mongrel.rb:268:in `initialize'
/opt/local/lib/ruby/gems/1.8/gems/mongrel-1.1.5/lib/mongrel.rb:268:in `new'
/opt/local/lib/ruby/gems/1.8/gems/mongrel-1.1.5/lib/mongrel.rb:268:in `run'
/opt/local/lib/ruby/gems/1.8/gems/rack-1.0.0/lib/rack/handler/mongrel.rb:34:in `run'
/opt/local/lib/ruby/gems/1.8/gems/rails-2.3.2/lib/commands/server.rb:111
/opt/local/lib/ruby/site_ruby/1.8/rubygems/custom_require.rb:31:in `gem_original_require'
/opt/local/lib/ruby/site_ruby/1.8/rubygems/custom_require.rb:31:in `require'
script/server:3

ActionView::TemplateError (compile error
/Users/takano32/workspace/rails_de_sbm/app/views/bookmark/add.rhtml:21: syntax error, unexpected kENSURE, expecting $end) on line #21 of app/views/bookmark/add.rhtml:
18: <% end %>

    app/views/bookmark/add.rhtml:21:in `compile!'
    app/controllers/bookmark_controller.rb:16:in `add'

Rendered rescues/_trace (46.1ms)
Rendered rescues/_request_and_response (1.6ms)
Rendering rescues/layout (internal_server_error)


Processing BookmarkController#add (for 127.0.0.1 at 2009-05-05 15:16:12) [GET]
  [4;36;1mUser Load (0.8ms)[0m   [0;1mSELECT * FROM "users" WHERE ("users"."id" = 1) LIMIT 1[0m
  [4;35;1mPage Load (0.2ms)[0m   [0mSELECT * FROM "pages" WHERE ("pages"."uri" IS NULL) LIMIT 1[0m
Rendering bookmark/add

ActionView::TemplateError (undefined local variable or method `end_form_tag' for #<ActionView::Base:0x26ea080>) on line #18 of app/views/bookmark/add.rhtml:
15:   <dd><%= text_field_tag "comment", @bookmark.comment, :size => 40 %></dd>
16: </dl>
17: <p><%= submit_tag %></p>
18: <% end_form_tag %>

    app/views/bookmark/add.rhtml:18:in `_run_rhtml_app47views47bookmark47add46rhtml'
    app/controllers/bookmark_controller.rb:16:in `add'

Rendered rescues/_trace (195.2ms)
Rendered rescues/_request_and_response (0.3ms)
Rendering rescues/layout (internal_server_error)


Processing BookmarkController#add (for 127.0.0.1 at 2009-05-05 15:16:33) [GET]
  [4;36;1mUser Load (0.6ms)[0m   [0;1mSELECT * FROM "users" WHERE ("users"."id" = 1) LIMIT 1[0m
  [4;35;1mPage Load (0.3ms)[0m   [0mSELECT * FROM "pages" WHERE ("pages"."uri" IS NULL) LIMIT 1[0m
Rendering bookmark/add

ActionView::TemplateError (undefined local variable or method `end_form' for #<ActionView::Base:0x27e2dfc>) on line #18 of app/views/bookmark/add.rhtml:
15:   <dd><%= text_field_tag "comment", @bookmark.comment, :size => 40 %></dd>
16: </dl>
17: <p><%= submit_tag %></p>
18: <% end_form %>

    app/views/bookmark/add.rhtml:18:in `_run_rhtml_app47views47bookmark47add46rhtml'
    app/controllers/bookmark_controller.rb:16:in `add'

Rendered rescues/_trace (79.0ms)
Rendered rescues/_request_and_response (0.3ms)
Rendering rescues/layout (internal_server_error)


Processing BookmarkController#add (for 127.0.0.1 at 2009-05-05 15:16:41) [GET]
  [4;36;1mUser Load (0.5ms)[0m   [0;1mSELECT * FROM "users" WHERE ("users"."id" = 1) LIMIT 1[0m
  [4;35;1mPage Load (0.2ms)[0m   [0mSELECT * FROM "pages" WHERE ("pages"."uri" IS NULL) LIMIT 1[0m
Rendering bookmark/add
ERROR: compiling _run_rhtml_app47views47bookmark47add46rhtml RAISED compile error
/Users/takano32/workspace/rails_de_sbm/app/views/bookmark/add.rhtml:21: syntax error, unexpected kENSURE, expecting $end
Function body:           def _run_rhtml_app47views47bookmark47add46rhtml(local_assigns)
            old_output_buffer = output_buffer;;@output_buffer = '';  __in_erb_template=true ; @output_buffer.concat "<h1>\343\203\226\343\203\203\343\202\257\343\203\236\343\203\274\343\202\257\343\201\256\350\277\275\345\212\240</h1>\n\n"

;  if request.post? 
@output_buffer.concat(( error_messages_for "page" ).to_s); @output_buffer.concat "\n"
; @output_buffer.concat(( error_messages_for "bookmark" ).to_s); @output_buffer.concat "\n"
;  end 
@output_buffer.concat "\n"
;  form_tag ; @output_buffer.concat "\n<dl>\n  <dt>URI</dt>\n  <dd>"


; @output_buffer.concat(( text_field_tag "uri", @page.uri, :size => 40 ).to_s); @output_buffer.concat "</dd>\n  <dt>\343\202\277\343\202\244\343\203\210\343\203\253</dt>\n  <dd>"

; @output_buffer.concat(( text_field_tag "title", @page.title, :size => 40 ).to_s); @output_buffer.concat "</dd>\n  <dt>\343\202\263\343\203\241\343\203\263\343\203\210</dt>\n  <dd>"

; @output_buffer.concat(( text_field_tag "comment", @bookmark.comment, :size => 40 ).to_s); @output_buffer.concat "</dd>\n</dl>\n<p>"

; @output_buffer.concat(( submit_tag ).to_s); @output_buffer.concat "</p>\n"
;  end ; @output_buffer.concat "\n\n"

; @output_buffer
          ensure
            self.output_buffer = old_output_buffer
          end
Backtrace: /Users/takano32/workspace/rails_de_sbm/app/views/bookmark/add.rhtml:21:in `compile!'
/opt/local/lib/ruby/gems/1.8/gems/actionpack-2.3.2/lib/action_view/renderable.rb:61:in `compile'
/opt/local/lib/ruby/gems/1.8/gems/actionpack-2.3.2/lib/action_view/renderable.rb:28:in `render'
/opt/local/lib/ruby/gems/1.8/gems/actionpack-2.3.2/lib/action_view/template.rb:194:in `render_template'
/opt/local/lib/ruby/gems/1.8/gems/actionpack-2.3.2/lib/action_view/base.rb:260:in `render'
/opt/local/lib/ruby/gems/1.8/gems/actionpack-2.3.2/lib/action_controller/base.rb:1241:in `render_for_file'
/opt/local/lib/ruby/gems/1.8/gems/actionpack-2.3.2/lib/action_controller/base.rb:943:in `render_without_benchmark'
/opt/local/lib/ruby/gems/1.8/gems/actionpack-2.3.2/lib/action_controller/benchmarking.rb:51:in `render'
/opt/local/lib/ruby/gems/1.8/gems/activesupport-2.3.2/lib/active_support/core_ext/benchmark.rb:17:in `ms'
/opt/local/lib/ruby/1.8/benchmark.rb:308:in `realtime'
/opt/local/lib/ruby/gems/1.8/gems/activesupport-2.3.2/lib/active_support/core_ext/benchmark.rb:17:in `ms'
/opt/local/lib/ruby/gems/1.8/gems/actionpack-2.3.2/lib/action_controller/benchmarking.rb:51:in `render'
/Users/takano32/workspace/rails_de_sbm/app/controllers/bookmark_controller.rb:16:in `add'
/opt/local/lib/ruby/gems/1.8/gems/actionpack-2.3.2/lib/action_controller/base.rb:1322:in `send'
/opt/local/lib/ruby/gems/1.8/gems/actionpack-2.3.2/lib/action_controller/base.rb:1322:in `perform_action_without_filters'
/opt/local/lib/ruby/gems/1.8/gems/actionpack-2.3.2/lib/action_controller/filters.rb:617:in `call_filters'
/opt/local/lib/ruby/gems/1.8/gems/actionpack-2.3.2/lib/action_controller/filters.rb:610:in `perform_action_without_benchmark'
/opt/local/lib/ruby/gems/1.8/gems/actionpack-2.3.2/lib/action_controller/benchmarking.rb:68:in `perform_action_without_rescue'
/opt/local/lib/ruby/gems/1.8/gems/activesupport-2.3.2/lib/active_support/core_ext/benchmark.rb:17:in `ms'
/opt/local/lib/ruby/1.8/benchmark.rb:308:in `realtime'
/opt/local/lib/ruby/gems/1.8/gems/activesupport-2.3.2/lib/active_support/core_ext/benchmark.rb:17:in `ms'
/opt/local/lib/ruby/gems/1.8/gems/actionpack-2.3.2/lib/action_controller/benchmarking.rb:68:in `perform_action_without_rescue'
/opt/local/lib/ruby/gems/1.8/gems/actionpack-2.3.2/lib/action_controller/rescue.rb:160:in `perform_action_without_flash'
/opt/local/lib/ruby/gems/1.8/gems/actionpack-2.3.2/lib/action_controller/flash.rb:141:in `perform_action'
/opt/local/lib/ruby/gems/1.8/gems/actionpack-2.3.2/lib/action_controller/base.rb:523:in `send'
/opt/local/lib/ruby/gems/1.8/gems/actionpack-2.3.2/lib/action_controller/base.rb:523:in `process_without_filters'
/opt/local/lib/ruby/gems/1.8/gems/actionpack-2.3.2/lib/action_controller/filters.rb:606:in `process'
/opt/local/lib/ruby/gems/1.8/gems/actionpack-2.3.2/lib/action_controller/base.rb:391:in `process'
/opt/local/lib/ruby/gems/1.8/gems/actionpack-2.3.2/lib/action_controller/base.rb:386:in `call'
/opt/local/lib/ruby/gems/1.8/gems/actionpack-2.3.2/lib/action_controller/routing/route_set.rb:433:in `call'
/opt/local/lib/ruby/gems/1.8/gems/actionpack-2.3.2/lib/action_controller/dispatcher.rb:88:in `dispatch'
/opt/local/lib/ruby/gems/1.8/gems/actionpack-2.3.2/lib/action_controller/dispatcher.rb:111:in `_call'
/opt/local/lib/ruby/gems/1.8/gems/actionpack-2.3.2/lib/action_controller/dispatcher.rb:82:in `initialize'
/opt/local/lib/ruby/gems/1.8/gems/activerecord-2.3.2/lib/active_record/query_cache.rb:29:in `call'
/opt/local/lib/ruby/gems/1.8/gems/activerecord-2.3.2/lib/active_record/query_cache.rb:29:in `call'
/opt/local/lib/ruby/gems/1.8/gems/activerecord-2.3.2/lib/active_record/connection_adapters/abstract/query_cache.rb:34:in `cache'
/opt/local/lib/ruby/gems/1.8/gems/activerecord-2.3.2/lib/active_record/query_cache.rb:9:in `cache'
/opt/local/lib/ruby/gems/1.8/gems/activerecord-2.3.2/lib/active_record/query_cache.rb:28:in `call'
/opt/local/lib/ruby/gems/1.8/gems/activerecord-2.3.2/lib/active_record/connection_adapters/abstract/connection_pool.rb:361:in `call'
/opt/local/lib/ruby/gems/1.8/gems/rack-1.0.0/lib/rack/head.rb:9:in `call'
/opt/local/lib/ruby/gems/1.8/gems/rack-1.0.0/lib/rack/methodoverride.rb:24:in `call'
/opt/local/lib/ruby/gems/1.8/gems/actionpack-2.3.2/lib/action_controller/params_parser.rb:15:in `call'
/opt/local/lib/ruby/gems/1.8/gems/actionpack-2.3.2/lib/action_controller/rewindable_input.rb:25:in `call'
/opt/local/lib/ruby/gems/1.8/gems/actionpack-2.3.2/lib/action_controller/session/cookie_store.rb:93:in `call'
/opt/local/lib/ruby/gems/1.8/gems/actionpack-2.3.2/lib/action_controller/reloader.rb:9:in `call'
/opt/local/lib/ruby/gems/1.8/gems/actionpack-2.3.2/lib/action_controller/failsafe.rb:11:in `call'
/opt/local/lib/ruby/gems/1.8/gems/rack-1.0.0/lib/rack/lock.rb:11:in `call'
/opt/local/lib/ruby/gems/1.8/gems/rack-1.0.0/lib/rack/lock.rb:11:in `synchronize'
/opt/local/lib/ruby/gems/1.8/gems/rack-1.0.0/lib/rack/lock.rb:11:in `call'
/opt/local/lib/ruby/gems/1.8/gems/actionpack-2.3.2/lib/action_controller/dispatcher.rb:106:in `call'
/opt/local/lib/ruby/gems/1.8/gems/rails-2.3.2/lib/rails/rack/static.rb:31:in `call'
/opt/local/lib/ruby/gems/1.8/gems/rack-1.0.0/lib/rack/urlmap.rb:46:in `call'
/opt/local/lib/ruby/gems/1.8/gems/rack-1.0.0/lib/rack/urlmap.rb:40:in `each'
/opt/local/lib/ruby/gems/1.8/gems/rack-1.0.0/lib/rack/urlmap.rb:40:in `call'
/opt/local/lib/ruby/gems/1.8/gems/rails-2.3.2/lib/rails/rack/log_tailer.rb:17:in `call'
/opt/local/lib/ruby/gems/1.8/gems/rack-1.0.0/lib/rack/content_length.rb:13:in `call'
/opt/local/lib/ruby/gems/1.8/gems/rack-1.0.0/lib/rack/chunked.rb:15:in `call'
/opt/local/lib/ruby/gems/1.8/gems/rack-1.0.0/lib/rack/handler/mongrel.rb:61:in `process'
/opt/local/lib/ruby/gems/1.8/gems/mongrel-1.1.5/lib/mongrel.rb:159:in `process_client'
/opt/local/lib/ruby/gems/1.8/gems/mongrel-1.1.5/lib/mongrel.rb:158:in `each'
/opt/local/lib/ruby/gems/1.8/gems/mongrel-1.1.5/lib/mongrel.rb:158:in `process_client'
/opt/local/lib/ruby/gems/1.8/gems/mongrel-1.1.5/lib/mongrel.rb:285:in `run'
/opt/local/lib/ruby/gems/1.8/gems/mongrel-1.1.5/lib/mongrel.rb:285:in `initialize'
/opt/local/lib/ruby/gems/1.8/gems/mongrel-1.1.5/lib/mongrel.rb:285:in `new'
/opt/local/lib/ruby/gems/1.8/gems/mongrel-1.1.5/lib/mongrel.rb:285:in `run'
/opt/local/lib/ruby/gems/1.8/gems/mongrel-1.1.5/lib/mongrel.rb:268:in `initialize'
/opt/local/lib/ruby/gems/1.8/gems/mongrel-1.1.5/lib/mongrel.rb:268:in `new'
/opt/local/lib/ruby/gems/1.8/gems/mongrel-1.1.5/lib/mongrel.rb:268:in `run'
/opt/local/lib/ruby/gems/1.8/gems/rack-1.0.0/lib/rack/handler/mongrel.rb:34:in `run'
/opt/local/lib/ruby/gems/1.8/gems/rails-2.3.2/lib/commands/server.rb:111
/opt/local/lib/ruby/site_ruby/1.8/rubygems/custom_require.rb:31:in `gem_original_require'
/opt/local/lib/ruby/site_ruby/1.8/rubygems/custom_require.rb:31:in `require'
script/server:3

ActionView::TemplateError (compile error
/Users/takano32/workspace/rails_de_sbm/app/views/bookmark/add.rhtml:21: syntax error, unexpected kENSURE, expecting $end) on line #21 of app/views/bookmark/add.rhtml:
18: <% end %>

    app/views/bookmark/add.rhtml:21:in `compile!'
    app/controllers/bookmark_controller.rb:16:in `add'

Rendered rescues/_trace (181.1ms)
Rendered rescues/_request_and_response (0.3ms)
Rendering rescues/layout (internal_server_error)


Processing BookmarkController#add (for 127.0.0.1 at 2009-05-05 15:17:30) [GET]
  [4;36;1mUser Load (0.4ms)[0m   [0;1mSELECT * FROM "users" WHERE ("users"."id" = 1) LIMIT 1[0m
  [4;35;1mPage Load (0.2ms)[0m   [0mSELECT * FROM "pages" WHERE ("pages"."uri" IS NULL) LIMIT 1[0m
Rendering bookmark/add
Completed in 40ms (View: 7, DB: 1) | 200 OK [http://localhost/bookmark/add/]


Processing BookmarkController#add (for 127.0.0.1 at 2009-05-05 15:17:49) [POST]
  Parameters: {"comment"=>"ã“ã‚Œã¯æ¥½ã—ã„", "uri"=>"http://hoge.example.com/", "commit"=>"Save changes", "title"=>"ãƒ†ã‚¹ãƒˆ", "authenticity_token"=>"jy49H5CaZdmUOKCkZKhmaMRDZD+09coqLqU+DmkLL8M="}
  [4;36;1mUser Load (0.4ms)[0m   [0;1mSELECT * FROM "users" WHERE ("users"."id" = 1) LIMIT 1[0m
  [4;35;1mPage Load (0.2ms)[0m   [0mSELECT * FROM "pages" WHERE ("pages"."uri" = 'http://hoge.example.com/') LIMIT 1[0m
  [4;36;1mPage Create (1.0ms)[0m   [0;1mINSERT INTO "pages" ("uri", "created_at", "title", "updated_at") VALUES('http://hoge.example.com/', '2009-05-05 06:17:49', 'ãƒ†ã‚¹ãƒˆ', '2009-05-05 06:17:49')[0m
  [4;35;1mBookmark Create (0.3ms)[0m   [0mINSERT INTO "bookmarks" ("comment", "created_at", "updated_at", "page_id", "user_id") VALUES('ã“ã‚Œã¯æ¥½ã—ã„', '2009-05-05 06:17:49', '2009-05-05 06:17:49', 1, 1)[0m
Redirected to http://localhost:3000/user/show/1
Completed in 30ms (DB: 2) | 302 Found [http://localhost/bookmark/add]


Processing UserController#show (for 127.0.0.1 at 2009-05-05 15:17:49) [GET]
  Parameters: {"id"=>"1"}
  [4;36;1mUser Load (0.4ms)[0m   [0;1mSELECT * FROM "users" WHERE ("users"."id" = 1) LIMIT 1[0m
  [4;35;1mUser Load (1.3ms)[0m   [0mSELECT * FROM "users" WHERE ("users"."id" = 1) [0m
Rendering user/show
  [4;36;1mBookmark Load (2.4ms)[0m   [0;1mSELECT * FROM "bookmarks" WHERE ("bookmarks".user_id = 1) ORDER BY created_at desc[0m
  [4;35;1mPage Load (0.3ms)[0m   [0mSELECT * FROM "pages" WHERE ("pages"."id" = 1) [0m
Completed in 236ms (View: 216, DB: 5) | 200 OK [http://localhost/user/show/1]
